=== 動画生成開始 ===
  AI画像を使用 (6枚): ['ai_0.jpg', 'ai_1.jpg', 'ai_2.jpg', 'ai_3.jpg', 'ai_4.jpg', 'ai_5.jpg']
  日本語フォント: /usr/share/fonts/opentype/noto/NotoSansCJK-Regular.ttc

--- 動画生成 [0]: アーモンドアイ ---
  使用画像: ['ai_0.jpg', 'ai_1.jpg', 'ai_2.jpg', 'ai_3.jpg', 'ai_4.jpg', 'ai_5.jpg']
  音声の総再生時間（mutagen）: 87.07秒
  セリフ数: 20
    [0] 「日本競馬史上 最も多くのGIを勝った馬が」 → 5.38秒
    [1] 「その名はアーモンドアイ」 → 2.69秒
    [2] 「2018年 桜花賞を1分33秒1のレコー」 → 5.87秒
    [3] 「オークスでは2分23秒8のレコードで二冠」 → 5.38秒
    [4] 「秋華賞も制し 史上5頭目の牝馬三冠馬に」 → 4.65秒
    [5] 「そしてジャパンカップ」 → 2.45秒
    [6] 「古馬相手に2分20秒6の世界レコードで5」 → 5.38秒
    [7] 「この年 圧倒的な強さでJRA賞年度代表馬」 → 6.11秒
    [8] 「2019年 ドバイターフを制覇」 → 3.67秒
    [9] 「帰国後の天皇賞(秋)も圧勝」 → 3.18秒
    [10] 「続く有馬記念はまさかの9着」 → 3.18秒
    [11] 「2020年 ヴィクトリアマイルをレコード」 → 5.38秒
    [12] 「天皇賞(秋)を連覇し GI・8勝目」 → 4.16秒
    [13] 「そして引退レース ジャパンカップ」 → 3.91秒
    [14] 「コントレイル デアリングタクト」 → 3.67秒
    [15] 「無敗の三冠馬2頭との世紀の一戦」 → 3.67秒
    [16] 「直線 力強く抜け出し 1馬身1/4差で勝」 → 5.14秒
    [17] 「GI・9勝 日本競馬史上最多勝利」 → 3.91秒
    [18] 「時代を彩り 記録を塗り替えたその蹄跡は」 → 4.65秒
    [19] 「伝説として語り継がれる」 → 2.69秒
  サムネイルフレーム: 1.96秒
  [1/20] 5.38s 「日本競馬史上 最も多くのGIを勝った馬が」
  [2/20] 2.69s 「その名はアーモンドアイ」
  [3/20] 5.87s 「2018年 桜花賞を1分33秒1のレコー」
  [4/20] 5.38s 「オークスでは2分23秒8のレコードで二冠」
  [5/20] 4.65s 「秋華賞も制し 史上5頭目の牝馬三冠馬に」
  [6/20] 2.45s 「そしてジャパンカップ」
  [7/20] 5.38s 「古馬相手に2分20秒6の世界レコードで5」
  [8/20] 6.11s 「この年 圧倒的な強さでJRA賞年度代表馬」
  [9/20] 3.67s 「2019年 ドバイターフを制覇」
  [10/20] 3.18s 「帰国後の天皇賞(秋)も圧勝」
  [11/20] 3.18s 「続く有馬記念はまさかの9着」
  [12/20] 5.38s 「2020年 ヴィクトリアマイルをレコード」
  [13/20] 4.16s 「天皇賞(秋)を連覇し GI・8勝目」
  [14/20] 3.91s 「そして引退レース ジャパンカップ」
  [15/20] 3.67s 「コントレイル デアリングタクト」
  [16/20] 3.67s 「無敗の三冠馬2頭との世紀の一戦」
  [17/20] 5.14s 「直線 力強く抜け出し 1馬身1/4差で勝」
  [18/20] 3.91s 「GI・9勝 日本競馬史上最多勝利」
  [19/20] 4.65s 「時代を彩り 記録を塗り替えたその蹄跡は」
  [20/20] 2.69s 「伝説として語り継がれる」
  エンディング: 4.0秒
  クリップ結合中...
  音声結合中...
  BGM使用: horse_drama_bgm.mp3 (volume weight=0.22)
  最終動画生成完了: output/video_0.mp4 (8.7 MB)
  tmpフォルダを削除しました。

1 本の動画を生成しました。
