=== Wikimedia Commons 画像検索: ブエナビスタ ===
  検索クエリ: 「ブエナビスタ racehorse」
  ヒット数: 20 件
  チェック: File:Buena-Vista-horse20111225.jpg
  チェック: File:Buena Vista horse.jpg
  チェック: File:Buena-Vista-horse20100220.jpg
  チェック: File:Buena-Vista-horse20111127.jpg
  チェック: File:Buena Vista (horse).jpg
  チェック: File:34th Queen Elizabeth II Cup.jpg
  チェック: File:The 69th Oka Sho 20090412.jpg
  チェック: File:2011Japan cup Buena Vista (4：3).JPG
  チェック: File:Buena-Vista-Welcome.jpg
  チェック: File:Buena-Vista-Park.jpg
Traceback (most recent call last):
  File "/home/runner/work/keiba-auto-youtube/keiba-auto-youtube/scripts/download_famous_horse_image.py", line 258, in <module>
    main()
  File "/home/runner/work/keiba-auto-youtube/keiba-auto-youtube/scripts/download_famous_horse_image.py", line 195, in main
    info = get_image_info(title)
           ^^^^^^^^^^^^^^^^^^^^^
  File "/home/runner/work/keiba-auto-youtube/keiba-auto-youtube/scripts/download_famous_horse_image.py", line 64, in get_image_info
    data = api_get({
           ^^^^^^^^^
  File "/home/runner/work/keiba-auto-youtube/keiba-auto-youtube/scripts/download_famous_horse_image.py", line 36, in api_get
    with urllib.request.urlopen(req, timeout=20) as resp:
         ^^^^^^^^^^^^^^^^^^^^^^^^^^^^^^^^^^^^^^^
  File "/opt/hostedtoolcache/Python/3.11.15/x64/lib/python3.11/urllib/request.py", line 216, in urlopen
    return opener.open(url, data, timeout)
           ^^^^^^^^^^^^^^^^^^^^^^^^^^^^^^^
  File "/opt/hostedtoolcache/Python/3.11.15/x64/lib/python3.11/urllib/request.py", line 525, in open
    response = meth(req, response)
               ^^^^^^^^^^^^^^^^^^^
  File "/opt/hostedtoolcache/Python/3.11.15/x64/lib/python3.11/urllib/request.py", line 634, in http_response
    response = self.parent.error(
               ^^^^^^^^^^^^^^^^^^
  File "/opt/hostedtoolcache/Python/3.11.15/x64/lib/python3.11/urllib/request.py", line 563, in error
    return self._call_chain(*args)
           ^^^^^^^^^^^^^^^^^^^^^^^
  File "/opt/hostedtoolcache/Python/3.11.15/x64/lib/python3.11/urllib/request.py", line 496, in _call_chain
    result = func(*args)
             ^^^^^^^^^^^
  File "/opt/hostedtoolcache/Python/3.11.15/x64/lib/python3.11/urllib/request.py", line 643, in http_error_default
    raise HTTPError(req.full_url, code, msg, hdrs, fp)
urllib.error.HTTPError: HTTP Error 429: Too Many Requests
