  [警告] トークンリフレッシュ失敗 (GOOGLE_CLIENT_ID): ('unauthorized_client: Unauthorized', {'error': 'unauthorized_client', 'error_description': 'Unauthorized'})
  サムネイル抽出中...
  サムネイル抽出完了: output/thumbnail_0.jpg (59 KB)
=== 名馬シリーズ YouTube アップロード開始 ===
  馬名: サクラローレル (key=sakura_laurel)
  タイトル: 【名馬列伝】サクラローレル〜絶望からの復活、古馬王道の頂へ〜 #Shorts
  OAuth2 リフレッシュ成功 (FAMOUS_HORSE_CLIENT_ID)
  OAuth2 リフレッシュ成功 (GOOGLE_CLIENT_ID_2)
  認証情報: 2 プロジェクト分ロード完了
  アップロード中: 【名馬列伝】サクラローレル〜絶望からの復活、古馬王道の頂へ〜 #Shorts
  進捗: 17%
  進捗: 34%
  進捗: 51%
  進捗: 68%
  進捗: 86%
  完了! Video ID: i7a5pAqd_qU
  URL: https://www.youtube.com/watch?v=i7a5pAqd_qU
  コメント無効化完了。
  サムネイルアップロード中: output/thumbnail_0.jpg (59 KB)
  サムネイルアップロード完了。
  結果を保存: output/famous_horse_upload_result.txt
=== アップロード完了 ===
