  [警告] トークンリフレッシュ失敗 (GOOGLE_CLIENT_ID): ('unauthorized_client: Unauthorized', {'error': 'unauthorized_client', 'error_description': 'Unauthorized'})
  [警告] トークンリフレッシュ失敗 (GOOGLE_CLIENT_ID_3): ('unauthorized_client: Unauthorized', {'error': 'unauthorized_client', 'error_description': 'Unauthorized'})
  [警告] サムネイルファイルなし: output/thumbnail_0.jpg
=== 名馬シリーズ YouTube アップロード開始 ===
  馬名: シルポート (key=silport)
  タイトル: 【名馬列伝】シルポート〜派手に逃げて、静かに去った馬〜 #Shorts
  OAuth2 リフレッシュ成功 (GOOGLE_CLIENT_ID_2)
  認証情報: 1 プロジェクト分ロード完了
  アップロード中: 【名馬列伝】シルポート〜派手に逃げて、静かに去った馬〜 #Shorts
  進捗: 9%
  進捗: 19%
  進捗: 29%
  進捗: 39%
  進捗: 49%
  進捗: 59%
  進捗: 69%
  進捗: 79%
  進捗: 89%
  進捗: 99%
  完了! Video ID: Zpgky0ckhdM
  URL: https://www.youtube.com/watch?v=Zpgky0ckhdM
  結果を保存: output/famous_horse_upload_result.txt
=== アップロード完了 ===
