=== Wikimedia Commons 画像検索: シルポート ===
  検索クエリ: 「シルポート」
  ヒット数: 20 件
  チェック: File:05 Silport (June 23, 2013. 54th Takarazuka Kinen) (9117531458).jpg
    OK: Ogiyoshisan from Japan / CC BY 2.0
  チェック: File:Silport in Takarazuka Kinen 2013 IMG 4687-2 20130623.JPG
    OK: Ogiyoshisan / CC BY-SA 3.0
  チェック: File:Silport20120422(1).jpg
    OK: Cake6 (talk) / CC BY-SA 3.0
  チェック: File:Silport20120422(2).jpg
    OK: Cake6 (talk) / CC BY-SA 3.0
  チェック: File:Silport20110417.jpg
    OK: Cake6 (talk) / CC BY-SA 3.0
  チェック: File:Silport 0006.jpg
    OK: Rey2 / CC BY-SA 4.0

  取得画像: 6 枚 → 6 スロットに配置
    保存完了: assets/ai_0.jpg (1008 KB)
    保存完了: assets/ai_1.jpg (357 KB)
    ダウンロード失敗: HTTP Error 429: Too many requests (f061ab2)
    ダウンロード失敗: HTTP Error 429: Too many requests (f061ab2)
    ダウンロード失敗: HTTP Error 429: Too many requests (f061ab2)
    ダウンロード失敗: HTTP Error 429: Too many requests (f061ab2)
=== 画像取得完了: 2/6 枚 ===
