=== 動画生成開始 ===
  AI画像を使用 (6枚): ['ai_0.jpg', 'ai_1.jpg', 'ai_2.jpg', 'ai_3.jpg', 'ai_4.jpg', 'ai_5.jpg']
  日本語フォント: /usr/share/fonts/opentype/noto/NotoSansCJK-Regular.ttc

--- 動画生成 [0]: ラインクラフト ---
  音声の総再生時間（mutagen）: 66.34秒
  セリフ数: 13
    [0] 「桜花賞を勝った馬が、オークスに出なかった」 → 4.67秒
    [1] 「その馬の名前、ラインクラフト。」 → 3.34秒
    [2] 「桜花賞とNHKマイルカップを連覇した、史」 → 6.68秒
    [3] 「桜花賞馬がオークスじゃなくて、牡馬相手の」 → 6.90秒
    [4] 「前例ゼロの選択。」 → 1.78秒
    [5] 「でも蓋を開けたらデアリングハートに1馬身」 → 6.90秒
    [6] 「しかも実はこの馬、桜花賞の1週前まで体の」 → 8.68秒
    [7] 「それでも勝った。」 → 1.78秒
    [8] 「2冠を達成して、次はスプリンターズSを目」 → 6.68秒
    [9] 「放牧先の牧場で調教中に突然倒れ、急性心不」 → 5.57秒
    [10] 「たった4歳だった。」 → 2.00秒
    [11] 「血統は残らなかった。」 → 2.23秒
    [12] 「でも彼女が切り拓いた桜花賞からNHKマイ」 → 7.35秒
  サムネイルフレーム: 1.78秒
  [1/13] 4.67s 「桜花賞を勝った馬が、オークスに出なかった」
  [2/13] 3.34s 「その馬の名前、ラインクラフト。」
  [3/13] 6.68s 「桜花賞とNHKマイルカップを連覇した、史」
  [4/13] 6.90s 「桜花賞馬がオークスじゃなくて、牡馬相手の」
  [5/13] 1.78s 「前例ゼロの選択。」
  [6/13] 6.90s 「でも蓋を開けたらデアリングハートに1馬身」
  [7/13] 8.68s 「しかも実はこの馬、桜花賞の1週前まで体の」
  [8/13] 1.78s 「それでも勝った。」
  [9/13] 6.68s 「2冠を達成して、次はスプリンターズSを目」
  [10/13] 5.57s 「放牧先の牧場で調教中に突然倒れ、急性心不」
  [11/13] 2.00s 「たった4歳だった。」
  [12/13] 2.23s 「血統は残らなかった。」
  [13/13] 7.35s 「でも彼女が切り拓いた桜花賞からNHKマイ」
  エンディング: 4.0秒
  クリップ結合中...
  音声結合中...
  BGM使用: horse_drama_bgm.mp3 (volume weight=0.22)
  最終動画生成完了: output/video_0.mp4 (3.6 MB)
  tmpフォルダを削除しました。

1 本の動画を生成しました。
