[警告] トークンリフレッシュ失敗 (GOOGLE_CLIENT_ID): ('unauthorized_client: Unauthorized', {'error': 'unauthorized_client', 'error_description': 'Unauthorized'})
  [試行1] HTTP 400: {
  "error": {
    "code": 400,
    "message": "Request contains an invalid argument.",
    "errors": [
      {
        "message": "Request contains an invalid argument.",
        "domain": "global",
        "reason": "badRequest"
      }
    ],
    "status": "INVALID_ARGUMENT"
  }
}

  [試行2] HTTP 400: {
  "error": {
    "code": 400,
    "message": "Request contains an invalid argument.",
    "errors": [
      {
        "message": "Request contains an invalid argument.",
        "domain": "global",
        "reason": "badRequest"
      }
    ],
    "status": "INVALID_ARGUMENT"
  }
}

  [試行3] HTTP 404: 
  [試行4] HTTP 400: {
  "error": {
    "code": 400,
    "message": "Request contains an invalid argument.",
    "errors": [
      {
        "message": "Request contains an invalid argument.",
        "domain": "global",
        "reason": "badRequest"
      }
    ],
    "status": "INVALID_ARGUMENT"
  }
}

  [デバッグ] レスポンスを保存: output/debug_studio_api_IR7FhTmXQSQ.json
  ❌ 失敗: 全試行失敗（output/debug_studio_api_IR7FhTmXQSQ.json を確認してください）
  [試行1] HTTP 400: {
  "error": {
    "code": 400,
    "message": "Request contains an invalid argument.",
    "errors": [
      {
        "message": "Request contains an invalid argument.",
        "domain": "global",
        "reason": "badRequest"
      }
    ],
    "status": "INVALID_ARGUMENT"
  }
}

  [試行2] HTTP 400: {
  "error": {
    "code": 400,
    "message": "Request contains an invalid argument.",
    "errors": [
      {
        "message": "Request contains an invalid argument.",
        "domain": "global",
        "reason": "badRequest"
      }
    ],
    "status": "INVALID_ARGUMENT"
  }
}

  [試行3] HTTP 404: 
  [試行4] HTTP 400: {
  "error": {
    "code": 400,
    "message": "Request contains an invalid argument.",
    "errors": [
      {
        "message": "Request contains an invalid argument.",
        "domain": "global",
        "reason": "badRequest"
      }
    ],
    "status": "INVALID_ARGUMENT"
  }
}

  [デバッグ] レスポンスを保存: output/debug_studio_api_JJJ3rKTqvmQ.json
  ❌ 失敗: 全試行失敗（output/debug_studio_api_JJJ3rKTqvmQ.json を確認してください）
  [試行1] HTTP 400: {
  "error": {
    "code": 400,
    "message": "Request contains an invalid argument.",
    "errors": [
      {
        "message": "Request contains an invalid argument.",
        "domain": "global",
        "reason": "badRequest"
      }
    ],
    "status": "INVALID_ARGUMENT"
  }
}

  [試行2] HTTP 400: {
  "error": {
    "code": 400,
    "message": "Request contains an invalid argument.",
    "errors": [
      {
        "message": "Request contains an invalid argument.",
        "domain": "global",
        "reason": "badRequest"
      }
    ],
    "status": "INVALID_ARGUMENT"
  }
}

  [試行3] HTTP 404: 
  [試行4] HTTP 400: {
  "error": {
    "code": 400,
    "message": "Request contains an invalid argument.",
    "errors": [
      {
        "message": "Request contains an invalid argument.",
        "domain": "global",
        "reason": "badRequest"
      }
    ],
    "status": "INVALID_ARGUMENT"
  }
}

  [デバッグ] レスポンスを保存: output/debug_studio_api_5AP65-UvFFo.json
  ❌ 失敗: 全試行失敗（output/debug_studio_api_5AP65-UvFFo.json を確認してください）
=== YouTube サムネイル設定 (Studio 内部 API) ===
サムネイル設定対象: 3 件
OAuth2 トークン取得成功 (GOOGLE_CLIENT_ID_2)
OAuth2 トークン取得成功
チャンネル ID: UCAMU37QZTf6C9IkNguVZBcg

--- IR7FhTmXQSQ / 皐月賞7着グリーンエナジー　ダービーへ上原佑師前向き「左回りの方がぴったり…逆転可能と思います」 ---

--- JJJ3rKTqvmQ / 【注目馬動向】昨年の菊花賞6着ミラージュナイトは目黒記念を視野　アンタレスSで2着のモックモックは三 ---

--- 5AP65-UvFFo / 【注目馬動向】デビューから無傷2連勝でチャーチルダウンズCを勝利　アスクイキゴミはNHKマイルCへ ---

=== 完了: 0/3 件 ===
